# JRE version: Java(TM) SE Runtime Environment (8.0_40-b26) (build 1.8.0_40-b26)
# Java VM: Java HotSpot(TM) Client VM (25.40-b25 mixed mode windows-x86 )
Heap:
 def new generation   total 19328K, used 14672K [0x05000000, 0x064f0000, 0x1a550000)
  eden space 17216K,  79% used [0x05000000, 0x05d6a070, 0x060d0000)
  from space 2112K,  44% used [0x062e0000, 0x063ca120, 0x064f0000)
  to   space 2112K,   0% used [0x060d0000, 0x060d0000, 0x062e0000)
 tenured generation   total 42760K, used 42114K [0x1a550000, 0x1cf12000, 0x45000000)
   the space 42760K,  98% used [0x1a550000, 0x1ce709a8, 0x1ce70a00, 0x1cf12000)
 Metaspace       used 34659K, capacity 35508K, committed 35584K, reserved 36224K
GC Heap History (10 events):
Event: 315.187 GC heap before
{Heap before GC invocations=200 (full 7):
 def new generation   total 19328K, used 19328K [0x05000000, 0x064f0000, 0x1a550000)
  eden space 17216K, 100% used [0x05000000, 0x060d0000, 0x060d0000)
  from space 2112K, 100% used [0x062e0000, 0x064f0000, 0x064f0000)
  to   space 2112K,   0% used [0x060d0000, 0x060d0000, 0x062e0000)
 tenured generation   total 42760K, used 36987K [0x1a550000, 0x1cf12000, 0x45000000)
   the space 42760K,  86% used [0x1a550000, 0x1c96efc0, 0x1c96f000, 0x1cf12000)
 Metaspace       used 34432K, capacity 35237K, committed 35328K, reserved 36224K
Event: 315.199 GC heap after
Heap after GC invocations=201 (full 7):
 def new generation   total 19328K, used 2112K [0x05000000, 0x064f0000, 0x1a550000)
  eden space 17216K,   0% used [0x05000000, 0x05000000, 0x060d0000)
  from space 2112K, 100% used [0x060d0000, 0x062e0000, 0x062e0000)
  to   space 2112K,   0% used [0x062e0000, 0x062e0000, 0x064f0000)
 tenured generation   total 42760K, used 39376K [0x1a550000, 0x1cf12000, 0x45000000)
   the space 42760K,  92% used [0x1a550000, 0x1cbc43b8, 0x1cbc4400, 0x1cf12000)
 Metaspace       used 34432K, capacity 35237K, committed 35328K, reserved 36224K
}
Event: 325.732 GC heap before
{Heap before GC invocations=201 (full 7):
 def new generation   total 19328K, used 19328K [0x05000000, 0x064f0000, 0x1a550000)
  eden space 17216K, 100% used [0x05000000, 0x060d0000, 0x060d0000)
  from space 2112K, 100% used [0x060d0000, 0x062e0000, 0x062e0000)
  to   space 2112K,   0% used [0x062e0000, 0x062e0000, 0x064f0000)
 tenured generation   total 42760K, used 39376K [0x1a550000, 0x1cf12000, 0x45000000)
   the space 42760K,  92% used [0x1a550000, 0x1cbc43b8, 0x1cbc4400, 0x1cf12000)
 Metaspace       used 34512K, capacity 35333K, committed 35456K, reserved 36224K
Event: 325.740 GC heap after
Heap after GC invocations=202 (full 7):
 def new generation   total 19328K, used 1317K [0x05000000, 0x064f0000, 0x1a550000)
  eden space 17216K,   0% used [0x05000000, 0x05000000, 0x060d0000)
  from space 2112K,  62% used [0x062e0000, 0x06429500, 0x064f0000)
  to   space 2112K,   0% used [0x060d0000, 0x060d0000, 0x062e0000)
 tenured generation   total 42760K, used 40893K [0x1a550000, 0x1cf12000, 0x45000000)
   the space 42760K,  95% used [0x1a550000, 0x1cd3f530, 0x1cd3f600, 0x1cf12000)
 Metaspace       used 34512K, capacity 35333K, committed 35456K, reserved 36224K
}
Event: 346.260 GC heap before
{Heap before GC invocations=202 (full 7):
 def new generation   total 19328K, used 18533K [0x05000000, 0x064f0000, 0x1a550000)
  eden space 17216K, 100% used [0x05000000, 0x060d0000, 0x060d0000)
  from space 2112K,  62% used [0x062e0000, 0x06429500, 0x064f0000)
  to   space 2112K,   0% used [0x060d0000, 0x060d0000, 0x062e0000)
 tenured generation   total 42760K, used 40893K [0x1a550000, 0x1cf12000, 0x45000000)
   the space 42760K,  95% used [0x1a550000, 0x1cd3f530, 0x1cd3f600, 0x1cf12000)
 Metaspace       used 34520K, capacity 35343K, committed 35456K, reserved 36224K
Event: 346.265 GC heap after
Heap after GC invocations=203 (full 7):
 def new generation   total 19328K, used 877K [0x05000000, 0x064f0000, 0x1a550000)
  eden space 17216K,   0% used [0x05000000, 0x05000000, 0x060d0000)
  from space 2112K,  41% used [0x060d0000, 0x061ab440, 0x062e0000)
  to   space 2112K,   0% used [0x062e0000, 0x062e0000, 0x064f0000)
 tenured generation   total 42760K, used 41820K [0x1a550000, 0x1cf12000, 0x45000000)
   the space 42760K,  97% used [0x1a550000, 0x1ce271a8, 0x1ce27200, 0x1cf12000)
 Metaspace       used 34520K, capacity 35343K, committed 35456K, reserved 36224K
}
Event: 361.166 GC heap before
{Heap before GC invocations=203 (full 7):
 def new generation   total 19328K, used 18093K [0x05000000, 0x064f0000, 0x1a550000)
  eden space 17216K, 100% used [0x05000000, 0x060d0000, 0x060d0000)
  from space 2112K,  41% used [0x060d0000, 0x061ab440, 0x062e0000)
  to   space 2112K,   0% used [0x062e0000, 0x062e0000, 0x064f0000)
 tenured generation   total 42760K, used 41820K [0x1a550000, 0x1cf12000, 0x45000000)
   the space 42760K,  97% used [0x1a550000, 0x1ce271a8, 0x1ce27200, 0x1cf12000)
 Metaspace       used 34521K, capacity 35343K, committed 35456K, reserved 36224K
Event: 361.171 GC heap after
Heap after GC invocations=204 (full 7):
 def new generation   total 19328K, used 937K [0x05000000, 0x064f0000, 0x1a550000)
  eden space 17216K,   0% used [0x05000000, 0x05000000, 0x060d0000)
  from space 2112K,  44% used [0x062e0000, 0x063ca780, 0x064f0000)
  to   space 2112K,   0% used [0x060d0000, 0x060d0000, 0x062e0000)
 tenured generation   total 42760K, used 41820K [0x1a550000, 0x1cf12000, 0x45000000)
   the space 42760K,  97% used [0x1a550000, 0x1ce271a8, 0x1ce27200, 0x1cf12000)
 Metaspace       used 34521K, capacity 35343K, committed 35456K, reserved 36224K
}
Event: 368.831 GC heap before
{Heap before GC invocations=204 (full 7):
 def new generation   total 19328K, used 18153K [0x05000000, 0x064f0000, 0x1a550000)
  eden space 17216K, 100% used [0x05000000, 0x060d0000, 0x060d0000)
  from space 2112K,  44% used [0x062e0000, 0x063ca780, 0x064f0000)
  to   space 2112K,   0% used [0x060d0000, 0x060d0000, 0x062e0000)
 tenured generation   total 42760K, used 41820K [0x1a550000, 0x1cf12000, 0x45000000)
   the space 42760K,  97% used [0x1a550000, 0x1ce271a8, 0x1ce27200, 0x1cf12000)
 Metaspace       used 34588K, capacity 35423K, committed 35456K, reserved 36224K
Event: 368.836 GC heap after
Heap after GC invocations=205 (full 7):
 def new generation   total 19328K, used 1328K [0x05000000, 0x064f0000, 0x1a550000)
  eden space 17216K,   0% used [0x05000000, 0x05000000, 0x060d0000)
  from space 2112K,  62% used [0x060d0000, 0x0621c220, 0x062e0000)
  to   space 2112K,   0% used [0x062e0000, 0x062e0000, 0x064f0000)
 tenured generation   total 42760K, used 41820K [0x1a550000, 0x1cf12000, 0x45000000)
   the space 42760K,  97% used [0x1a550000, 0x1ce271a8, 0x1ce27200, 0x1cf12000)
 Metaspace       used 34588K, capacity 35423K, committed 35456K, reserved 36224K
}

